<?xml version="1.0" encoding="UTF-8"?>
<testsuite xmlns:xsi="http://www.w3.org/2001/XMLSchema-instance" xsi:noNamespaceSchemaLocation="https://maven.apache.org/surefire/maven-surefire-plugin/xsd/surefire-test-report.xsd" version="3.0.2" name="com.kartik.bankingsystem.integration.AuthFlowIntegrationTest" time="90.895" tests="2" errors="0" skipped="0" failures="0">
  <properties>
[...]
</properties>
  <testcase name="registerLoginAndGetProfile" classname="com.kartik.bankingsystem.integration.AuthFlowIntegrationTest" time="1.371">
    <system-out><![CDATA[00:40:08.080 [main] INFO org.springframework.test.context.support.AnnotationConfigContextLoaderUtils -- Could not detect default configuration classes for test class [com.kartik.bankingsystem.integration.AuthFlowIntegrationTest]: AuthFlowIntegrationTest does not declare any static, non-private, non-final, nested classes annotated with @Configuration.
00:40:08.322 [main] INFO org.springframework.boot.test.context.SpringBootTestContextBootstrapper -- Found @SpringBootConfiguration com.kartik.bankingsystem.BankingSystemApplication for test class com.kartik.bankingsystem.integration.AuthFlowIntegrationTest
00:40:08.517 [main] INFO org.testcontainers.images.PullPolicy -- Image pull policy will be performed by: DefaultPullPolicy()
00:40:08.521 [main] INFO org.testcontainers.utility.ImageNameSubstitutor -- Image name substitution will be performed by: DefaultImageNameSubstitutor (composite of 'ConfigurationFileImageNameSubstitutor' and 'PrefixingImageNameSubstitutor')
00:40:08.549 [main] INFO org.testcontainers.DockerClientFactory -- Testcontainers version: 1.21.4
00:40:09.342 [main] INFO org.testcontainers.dockerclient.DockerClientProviderStrategy -- Found Docker environment with Environment variables, system properties and defaults. Resolved dockerHost=unix:///Users/kartik/.colima/default/docker.sock
00:40:09.344 [main] INFO org.testcontainers.DockerClientFactory -- Docker host IP address is localhost
00:40:09.369 [main] INFO org.testcontainers.DockerClientFactory -- Connected to docker: 
  Server Version: 29.2.1
  API Version: 1.53
  Operating System: Ubuntu 24.04.4 LTS
  Total Memory: 7922 MB
00:40:09.422 [main] INFO tc.testcontainers/ryuk:0.12.0 -- Pulling docker image: testcontainers/ryuk:0.12.0. Please be patient; this may take some time but only needs to be done once.
00:40:12.101 [docker-java-stream--1931961954] INFO tc.testcontainers/ryuk:0.12.0 -- Starting to pull image
00:40:12.120 [docker-java-stream--1931961954] INFO tc.testcontainers/ryuk:0.12.0 -- Pulling image layers:  0 pending,  0 downloaded,  0 extracted, (0 bytes/0 bytes)
00:40:14.670 [docker-java-stream--1931961954] INFO tc.testcontainers/ryuk:0.12.0 -- Pulling image layers:  2 pending,  1 downloaded,  0 extracted, (3 MB/? MB)
00:40:14.866 [docker-java-stream--1931961954] INFO tc.testcontainers/ryuk:0.12.0 -- Pulling image layers:  2 pending,  1 downloaded,  1 extracted, (3 MB/? MB)
00:40:15.066 [docker-java-stream--1931961954] INFO tc.testcontainers/ryuk:0.12.0 -- Pulling image layers:  1 pending,  2 downloaded,  1 extracted, (3 MB/? MB)
00:40:15.165 [docker-java-stream--1931961954] INFO tc.testcontainers/ryuk:0.12.0 -- Pulling image layers:  1 pending,  2 downloaded,  2 extracted, (3 MB/? MB)
00:40:16.558 [docker-java-stream--1931961954] INFO tc.testcontainers/ryuk:0.12.0 -- Pulling image layers:  0 pending,  3 downloaded,  2 extracted, (9 MB/10 MB)
00:40:16.559 [docker-java-stream--1931961954] INFO tc.testcontainers/ryuk:0.12.0 -- Pulling image layers:  0 pending,  3 downloaded,  3 extracted, (9 MB/10 MB)
00:40:16.571 [docker-java-stream--1931961954] INFO tc.testcontainers/ryuk:0.12.0 -- Pull complete. 3 layers, pulled in 4s (downloaded 9 MB at 2 MB/s)
00:40:16.571 [main] INFO tc.testcontainers/ryuk:0.12.0 -- Image testcontainers/ryuk:0.12.0 pull took PT7.148851S
00:40:16.669 [main] INFO tc.testcontainers/ryuk:0.12.0 -- Creating container for image: testcontainers/ryuk:0.12.0
00:40:16.861 [main] INFO tc.testcontainers/ryuk:0.12.0 -- Container testcontainers/ryuk:0.12.0 is starting: 11103209daaf38105b68c5aff3ed24c1327782d164ee67d6b64c9b63eb7969d9
00:40:17.437 [main] INFO tc.testcontainers/ryuk:0.12.0 -- Container testcontainers/ryuk:0.12.0 started in PT0.768367S
00:40:17.446 [main] INFO org.testcontainers.utility.RyukResourceReaper -- Ryuk started - will monitor and terminate Testcontainers containers on JVM exit
00:40:17.447 [main] INFO org.testcontainers.DockerClientFactory -- Checking the system...
00:40:17.447 [main] INFO org.testcontainers.DockerClientFactory -- ✔︎ Docker server version should be at least 1.6.0
00:40:17.452 [main] INFO tc.mongo:7 -- Pulling docker image: mongo:7. Please be patient; this may take some time but only needs to be done once.
00:40:19.970 [docker-java-stream--840680766] INFO tc.mongo:7 -- Starting to pull image
00:40:19.981 [docker-java-stream--840680766] INFO tc.mongo:7 -- Pulling image layers:  0 pending,  0 downloaded,  0 extracted, (0 bytes/0 bytes)
00:40:23.044 [docker-java-stream--840680766] INFO tc.mongo:7 -- Pulling image layers:  8 pending,  1 downloaded,  0 extracted, (0 bytes/? MB)
00:40:23.555 [docker-java-stream--840680766] INFO tc.mongo:7 -- Pulling image layers:  7 pending,  2 downloaded,  0 extracted, (0 bytes/? MB)
00:40:23.839 [docker-java-stream--840680766] INFO tc.mongo:7 -- Pulling image layers:  6 pending,  3 downloaded,  0 extracted, (0 bytes/? MB)
00:40:24.043 [docker-java-stream--840680766] INFO tc.mongo:7 -- Pulling image layers:  5 pending,  4 downloaded,  0 extracted, (0 bytes/? MB)
00:40:24.139 [docker-java-stream--840680766] INFO tc.mongo:7 -- Pulling image layers:  5 pending,  5 downloaded,  0 extracted, (1 MB/? MB)
00:40:24.438 [docker-java-stream--840680766] INFO tc.mongo:7 -- Pulling image layers:  4 pending,  6 downloaded,  0 extracted, (2 MB/? MB)
00:40:24.638 [docker-java-stream--840680766] INFO tc.mongo:7 -- Pulling image layers:  3 pending,  7 downloaded,  0 extracted, (2 MB/? MB)
00:40:25.038 [docker-java-stream--840680766] INFO tc.mongo:7 -- Pulling image layers:  2 pending,  8 downloaded,  0 extracted, (4 MB/? MB)
00:40:45.609 [docker-java-stream--840680766] INFO tc.mongo:7 -- Pulling image layers:  1 pending,  9 downloaded,  0 extracted, (80 MB/? MB)
00:40:46.207 [docker-java-stream--840680766] INFO tc.mongo:7 -- Pulling image layers:  1 pending,  9 downloaded,  1 extracted, (82 MB/? MB)
00:40:46.209 [docker-java-stream--840680766] INFO tc.mongo:7 -- Pulling image layers:  1 pending,  9 downloaded,  2 extracted, (82 MB/? MB)
00:40:46.209 [docker-java-stream--840680766] INFO tc.mongo:7 -- Pulling image layers:  1 pending,  9 downloaded,  3 extracted, (82 MB/? MB)
00:40:46.308 [docker-java-stream--840680766] INFO tc.mongo:7 -- Pulling image layers:  1 pending,  9 downloaded,  4 extracted, (82 MB/? MB)
00:40:46.309 [docker-java-stream--840680766] INFO tc.mongo:7 -- Pulling image layers:  1 pending,  9 downloaded,  5 extracted, (82 MB/? MB)
00:40:46.309 [docker-java-stream--840680766] INFO tc.mongo:7 -- Pulling image layers:  1 pending,  9 downloaded,  6 extracted, (82 MB/? MB)
00:41:26.503 [docker-java-stream--840680766] INFO tc.mongo:7 -- Pulling image layers:  0 pending, 10 downloaded,  6 extracted, (265 MB/266 MB)
00:41:30.315 [docker-java-stream--840680766] INFO tc.mongo:7 -- Pulling image layers:  0 pending, 10 downloaded,  7 extracted, (265 MB/266 MB)
00:41:30.322 [docker-java-stream--840680766] INFO tc.mongo:7 -- Pulling image layers:  0 pending, 10 downloaded,  8 extracted, (265 MB/266 MB)
00:41:30.325 [docker-java-stream--840680766] INFO tc.mongo:7 -- Pull complete. 10 layers, pulled in 70s (downloaded 265 MB at 3 MB/s)
00:41:30.325 [main] INFO tc.mongo:7 -- Image mongo:7 pull took PT1M12.873048S
00:41:30.361 [main] INFO tc.mongo:7 -- Creating container for image: mongo:7
00:41:31.191 [main] INFO tc.mongo:7 -- Container mongo:7 is starting: 24723ae8e04a906e14d66881a5f8fe0321ea854f5694bf4cf542715299c28f38
00:41:32.624 [main] INFO tc.mongo:7 -- Container mongo:7 started in PT2.263042S

  .   ____          _            __ _ _
 /\\ / ___'_ __ _ _(_)_ __  __ _ \ \ \ \
( ( )\___ | '_ | '_| | '_ \/ _` | \ \ \ \
 \\/  ___)| |_)| | | | | || (_| |  ) ) ) )
  '  |____| .__|_| |_|_| |_\__, | / / / /
 =========|_|==============|___/=/_/_/_/

 :: Spring Boot ::               (v3.5.11)

2026-03-01T00:41:34.743+05:30  INFO 31737 --- [banking-system] [           main] c.k.b.i.AuthFlowIntegrationTest          : Starting AuthFlowIntegrationTest using Java 25.0.2 with PID 31737 (started by kartik in /Users/kartik/Documents/BankingSystem)
2026-03-01T00:41:34.744+05:30  INFO 31737 --- [banking-system] [           main] c.k.b.i.AuthFlowIntegrationTest          : No active profile set, falling back to 1 default profile: "default"
2026-03-01T00:41:35.401+05:30  INFO 31737 --- [banking-system] [           main] .s.d.r.c.RepositoryConfigurationDelegate : Bootstrapping Spring Data MongoDB repositories in DEFAULT mode.
2026-03-01T00:41:35.445+05:30  INFO 31737 --- [banking-system] [           main] .s.d.r.c.RepositoryConfigurationDelegate : Finished Spring Data repository scanning in 38 ms. Found 6 MongoDB repository interfaces.
2026-03-01T00:41:35.818+05:30  INFO 31737 --- [banking-system] [           main] org.mongodb.driver.client                : MongoClient with metadata {"driver": {"name": "mongo-java-driver|sync|spring-boot", "version": "5.5.2"}, "os": {"type": "Darwin", "name": "Mac OS X", "architecture": "aarch64", "version": "26.2"}, "platform": "Java/Homebrew/25.0.2"} created with settings MongoClientSettings{readPreference=primary, writeConcern=WriteConcern{w=null, wTimeout=null ms, journal=null}, retryWrites=true, retryReads=true, readConcern=ReadConcern{level=null}, credential=null, transportSettings=null, commandListeners=[], codecRegistry=ProvidersCodecRegistry{codecProviders=[ValueCodecProvider{}, BsonValueCodecProvider{}, DBRefCodecProvider{}, DBObjectCodecProvider{}, DocumentCodecProvider{}, CollectionCodecProvider{}, IterableCodecProvider{}, MapCodecProvider{}, GeoJsonCodecProvider{}, GridFSFileCodecProvider{}, Jsr310CodecProvider{}, JsonObjectCodecProvider{}, BsonCodecProvider{}, EnumCodecProvider{}, com.mongodb.client.model.mql.ExpressionCodecProvider@12be4f83, com.mongodb.Jep395RecordCodecProvider@eb1d475, com.mongodb.KotlinCodecProvider@389008d1]}, loggerSettings=LoggerSettings{maxDocumentLength=1000}, clusterSettings={hosts=[localhost:32769], srvServiceName=mongodb, mode=SINGLE, requiredClusterType=UNKNOWN, requiredReplicaSetName='null', serverSelector='null', clusterListeners='[]', serverSelectionTimeout='30000 ms', localThreshold='15 ms'}, socketSettings=SocketSettings{connectTimeoutMS=10000, readTimeoutMS=0, receiveBufferSize=0, proxySettings=ProxySettings{host=null, port=null, username=null, password=null}}, heartbeatSocketSettings=SocketSettings{connectTimeoutMS=10000, readTimeoutMS=10000, receiveBufferSize=0, proxySettings=ProxySettings{host=null, port=null, username=null, password=null}}, connectionPoolSettings=ConnectionPoolSettings{maxSize=100, minSize=0, maxWaitTimeMS=120000, maxConnectionLifeTimeMS=0, maxConnectionIdleTimeMS=0, maintenanceInitialDelayMS=0, maintenanceFrequencyMS=60000, connectionPoolListeners=[], maxConnecting=2}, serverSettings=ServerSettings{heartbeatFrequencyMS=10000, minHeartbeatFrequencyMS=500, serverMonitoringMode=AUTO, serverListeners='[]', serverMonitorListeners='[]'}, sslSettings=SslSettings{enabled=false, invalidHostNameAllowed=false, context=null}, applicationName='null', compressorList=[], uuidRepresentation=JAVA_LEGACY, serverApi=null, autoEncryptionSettings=null, dnsClient=null, inetAddressResolver=null, contextProvider=null, timeoutMS=null}
2026-03-01T00:41:35.838+05:30  INFO 31737 --- [banking-system] [localhost:32769] org.mongodb.driver.cluster               : Monitor thread successfully connected to server with description ServerDescription{address=localhost:32769, type=REPLICA_SET_PRIMARY, cryptd=false, state=CONNECTED, ok=true, minWireVersion=0, maxWireVersion=21, maxDocumentSize=16777216, logicalSessionTimeoutMinutes=30, roundTripTimeNanos=13731458, minRoundTripTimeNanos=0, setName='docker-rs', canonicalAddress=24723ae8e04a:27017, hosts=[24723ae8e04a:27017], passives=[], arbiters=[], primary='24723ae8e04a:27017', tagSet=TagSet{[]}, electionId=7fffffff0000000000000001, setVersion=1, topologyVersion=TopologyVersion{processId=69a33de392bde7020addd68c, counter=6}, lastWriteDate=Sun Mar 01 00:41:33 IST 2026, lastUpdateTimeNanos=3061595604605666}
2026-03-01T00:41:36.249+05:30  INFO 31737 --- [banking-system] [           main] eAuthenticationProviderManagerConfigurer : Global AuthenticationManager configured with AuthenticationProvider bean with name authenticationProvider
2026-03-01T00:41:36.249+05:30  WARN 31737 --- [banking-system] [           main] r$InitializeUserDetailsManagerConfigurer : Global AuthenticationManager configured with an AuthenticationProvider bean. UserDetailsService beans will not be used by Spring Security for automatically configuring username/password login. Consider removing the AuthenticationProvider bean. Alternatively, consider using the UserDetailsService in a manually instantiated DaoAuthenticationProvider. If the current configuration is intentional, to turn off this warning, increase the logging level of 'org.springframework.security.config.annotation.authentication.configuration.InitializeUserDetailsBeanManagerConfigurer' to ERROR
2026-03-01T00:41:37.024+05:30  INFO 31737 --- [banking-system] [           main] o.s.b.t.m.w.SpringBootMockServletContext : Initializing Spring TestDispatcherServlet ''
2026-03-01T00:41:37.024+05:30  INFO 31737 --- [banking-system] [           main] o.s.t.web.servlet.TestDispatcherServlet  : Initializing Servlet ''
2026-03-01T00:41:37.025+05:30  INFO 31737 --- [banking-system] [           main] o.s.t.web.servlet.TestDispatcherServlet  : Completed initialization in 1 ms
2026-03-01T00:41:37.047+05:30  INFO 31737 --- [banking-system] [           main] c.k.b.i.AuthFlowIntegrationTest          : Started AuthFlowIntegrationTest in 2.556 seconds (process running for 90.126)
2026-03-01T00:41:37.050+05:30  INFO 31737 --- [banking-system] [           main] c.k.b.config.AdminBootstrapConfig        : Admin bootstrap disabled
]]></system-out>
    <system-err><![CDATA[Mockito is currently self-attaching to enable the inline-mock-maker. This will no longer work in future releases of the JDK. Please add Mockito as an agent to your build as described in Mockito's documentation: https://javadoc.io/doc/org.mockito/mockito-core/latest/org.mockito/org/mockito/Mockito.html#0.3
WARNING: A Java agent has been loaded dynamically (/Users/kartik/.m2/repository/net/bytebuddy/byte-buddy-agent/1.17.8/byte-buddy-agent-1.17.8.jar)
WARNING: If a serviceability tool is in use, please run with -XX:+EnableDynamicAgentLoading to hide this warning
WARNING: If a serviceability tool is not in use, please run with -Djdk.instrument.traceUsage for more information
WARNING: Dynamic loading of agents will be disallowed by default in a future release
]]></system-err>
  </testcase>
  <testcase name="protectedEndpointShouldRejectWithoutToken" classname="com.kartik.bankingsystem.integration.AuthFlowIntegrationTest" time="0.009"/>
</testsuite>